{
  "stats": {
    "suites": 3,
    "tests": 7,
    "passes": 7,
    "pending": 0,
    "failures": 0,
    "start": "2020-07-11T04:50:34.309Z",
    "end": "2020-07-11T04:51:57.996Z",
    "duration": 83687,
    "testsRegistered": 7,
    "passPercent": 100,
    "pendingPercent": 0,
    "other": 0,
    "hasOther": false,
    "skipped": 0,
    "hasSkipped": false
  },
  "results": [
    {
      "uuid": "ec3d6b33-57ed-41fc-8a9e-492efd0a0142",
      "title": "",
      "fullFile": "cypress/integration/signup-login-spec.js",
      "file": "cypress/integration/signup-login-spec.js",
      "beforeHooks": [],
      "afterHooks": [],
      "tests": [],
      "suites": [
        {
          "uuid": "3d274eb5-ce6d-4177-8a26-312194f13d20",
          "title": "Signup and Login test suite",
          "fullFile": "",
          "file": "",
          "beforeHooks": [],
          "afterHooks": [],
          "tests": [],
          "suites": [
            {
              "uuid": "5afc5bb9-81a8-46ec-a313-4abc10f06acb",
              "title": "Sign up test cases",
              "fullFile": "",
              "file": "",
              "beforeHooks": [],
              "afterHooks": [],
              "tests": [
                {
                  "title": "check that user can't register with invalid email",
                  "fullTitle": "Signup and Login test suite Sign up test cases check that user can't register with invalid email",
                  "timedOut": null,
                  "duration": 11873,
                  "state": "passed",
                  "speed": "slow",
                  "pass": true,
                  "fail": false,
                  "pending": false,
                  "context": null,
                  "code": "registrationPage.addFirstName(testData.firstname);\nregistrationPage.addLastName(testData.lastname);\nregistrationPage.addEmail('mail@fake');\nregistrationPage.addConfirmEmail('mail@fake');\nregistrationPage.addPassword(testData.password);\nregistrationPage.addDateOfBirth(testData.DayOfBirth, testData.MonthOfBirth, testData.YearOfBirth);\nregistrationPage.selectGender('male');\nregistrationPage.clickSignUp();\nregistrationPage.assertInvalidEmail();",
                  "err": {},
                  "uuid": "024a3bcd-911c-4e0a-ab57-9d00254f9b38",
                  "parentUUID": "5afc5bb9-81a8-46ec-a313-4abc10f06acb",
                  "isHook": false,
                  "skipped": false
                },
                {
                  "title": "check that user can't register with invalid date of birth",
                  "fullTitle": "Signup and Login test suite Sign up test cases check that user can't register with invalid date of birth",
                  "timedOut": null,
                  "duration": 8569,
                  "state": "passed",
                  "speed": "slow",
                  "pass": true,
                  "fail": false,
                  "pending": false,
                  "context": null,
                  "code": "registrationPage.addFirstName(testData.firstname);\nregistrationPage.addLastName(testData.lastname);\nregistrationPage.addEmail(email);\nregistrationPage.addConfirmEmail(email);\nregistrationPage.addPassword(testData.password);\nregistrationPage.addDateOfBirth(testData.DayOfBirth, 'Month', testData.YearOfBirth);\nregistrationPage.selectGender('female');\nregistrationPage.clickSignUp();\nregistrationPage.assertInvalidDateOfBirth();",
                  "err": {},
                  "uuid": "3bf8a0e3-cb0f-4e84-824a-fa09140f656b",
                  "parentUUID": "5afc5bb9-81a8-46ec-a313-4abc10f06acb",
                  "isHook": false,
                  "skipped": false
                }
              ],
              "suites": [],
              "passes": [
                "024a3bcd-911c-4e0a-ab57-9d00254f9b38",
                "3bf8a0e3-cb0f-4e84-824a-fa09140f656b"
              ],
              "failures": [],
              "pending": [],
              "skipped": [],
              "duration": 20442,
              "root": false,
              "rootEmpty": false,
              "_timeout": 2000
            },
            {
              "uuid": "b3499ba3-92ac-47bb-a924-19a36f1ff1e2",
              "title": "Login test cases",
              "fullFile": "",
              "file": "",
              "beforeHooks": [],
              "afterHooks": [],
              "tests": [
                {
                  "title": "Check that existing facebook user can login successfully",
                  "fullTitle": "Signup and Login test suite Login test cases Check that existing facebook user can login successfully",
                  "timedOut": null,
                  "duration": 14373,
                  "state": "passed",
                  "speed": "slow",
                  "pass": true,
                  "fail": false,
                  "pending": false,
                  "context": null,
                  "code": "loginPage.addEmail(testData.email);\nloginPage.addPassword(testData.password);\nloginPage.clickLogin();\nhomePage.assertHomePageIsDisplayed();",
                  "err": {},
                  "uuid": "daa00e34-973c-45ed-a550-22f16e3ef5d6",
                  "parentUUID": "b3499ba3-92ac-47bb-a924-19a36f1ff1e2",
                  "isHook": false,
                  "skipped": false
                },
                {
                  "title": "Check that a validation message is displayed when user login with empty email",
                  "fullTitle": "Signup and Login test suite Login test cases Check that a validation message is displayed when user login with empty email",
                  "timedOut": null,
                  "duration": 10750,
                  "state": "passed",
                  "speed": "slow",
                  "pass": true,
                  "fail": false,
                  "pending": false,
                  "context": null,
                  "code": "loginPage.addPassword(testData.password);\nloginPage.clickLogin();\ncy.wait(5000);\nloginPage.assertEmailInvalidMessage();",
                  "err": {},
                  "uuid": "cca4b31a-5e3a-4635-bacf-1113a8a94cf0",
                  "parentUUID": "b3499ba3-92ac-47bb-a924-19a36f1ff1e2",
                  "isHook": false,
                  "skipped": false
                },
                {
                  "title": "Check that a validation message is displayed when user login with empty password",
                  "fullTitle": "Signup and Login test suite Login test cases Check that a validation message is displayed when user login with empty password",
                  "timedOut": null,
                  "duration": 12762,
                  "state": "passed",
                  "speed": "slow",
                  "pass": true,
                  "fail": false,
                  "pending": false,
                  "context": null,
                  "code": "loginPage.addEmail(testData.email);\nloginPage.clickLogin();\ncy.wait(5000);\nloginPage.assertPasswordInvalidMessage();",
                  "err": {},
                  "uuid": "5af3f63f-717d-4f98-bff2-6dc295883939",
                  "parentUUID": "b3499ba3-92ac-47bb-a924-19a36f1ff1e2",
                  "isHook": false,
                  "skipped": false
                },
                {
                  "title": "Check that a validation message is displayed when user login with empty email and password",
                  "fullTitle": "Signup and Login test suite Login test cases Check that a validation message is displayed when user login with empty email and password",
                  "timedOut": null,
                  "duration": 11843,
                  "state": "passed",
                  "speed": "slow",
                  "pass": true,
                  "fail": false,
                  "pending": false,
                  "context": null,
                  "code": "loginPage.clickLogin();\ncy.wait(5000);\nloginPage.assertEmailInvalidMessage();",
                  "err": {},
                  "uuid": "47ea38a3-6bdc-47c2-8e08-21330f00db88",
                  "parentUUID": "b3499ba3-92ac-47bb-a924-19a36f1ff1e2",
                  "isHook": false,
                  "skipped": false
                },
                {
                  "title": "Check that a validation message is displayed when user login with invalid password",
                  "fullTitle": "Signup and Login test suite Login test cases Check that a validation message is displayed when user login with invalid password",
                  "timedOut": null,
                  "duration": 9823,
                  "state": "passed",
                  "speed": "slow",
                  "pass": true,
                  "fail": false,
                  "pending": false,
                  "context": null,
                  "code": "loginPage.addEmail(testData.email);\nloginPage.addPassword(testData.invalidPassword);\nloginPage.clickLogin();\nloginPage.assertPasswordInvalidMessage();",
                  "err": {},
                  "uuid": "f64400a1-e74e-472a-8ef9-4599d5b67852",
                  "parentUUID": "b3499ba3-92ac-47bb-a924-19a36f1ff1e2",
                  "isHook": false,
                  "skipped": false
                }
              ],
              "suites": [],
              "passes": [
                "daa00e34-973c-45ed-a550-22f16e3ef5d6",
                "cca4b31a-5e3a-4635-bacf-1113a8a94cf0",
                "5af3f63f-717d-4f98-bff2-6dc295883939",
                "47ea38a3-6bdc-47c2-8e08-21330f00db88",
                "f64400a1-e74e-472a-8ef9-4599d5b67852"
              ],
              "failures": [],
              "pending": [],
              "skipped": [],
              "duration": 59551,
              "root": false,
              "rootEmpty": false,
              "_timeout": 2000
            }
          ],
          "passes": [],
          "failures": [],
          "pending": [],
          "skipped": [],
          "duration": 0,
          "root": false,
          "rootEmpty": false,
          "_timeout": 2000
        }
      ],
      "passes": [],
      "failures": [],
      "pending": [],
      "skipped": [],
      "duration": 0,
      "root": true,
      "rootEmpty": true,
      "_timeout": 2000
    }
  ],
  "meta": {
    "mocha": {
      "version": "7.0.1"
    },
    "mochawesome": {
      "options": {
        "quiet": false,
        "reportFilename": "mochawesome",
        "saveHtml": true,
        "saveJson": true,
        "consoleReporter": "spec",
        "useInlineDiffs": false,
        "code": true
      },
      "version": "6.1.1"
    },
    "marge": {
      "options": null,
      "version": "5.1.0"
    }
  }
}